<?xml version="1.0" encoding="UTF-8"?>
<testsuite name="com.mohit.banking.account.controller.AccountControllerTest" tests="2" skipped="0" failures="0" errors="0" timestamp="2026-05-01T12:05:50" hostname="COMV-9180" time="0.537">
  <properties/>
  <testcase name="testCreateAccount_Success()" classname="com.mohit.banking.account.controller.AccountControllerTest" time="0.517"/>
  <testcase name="testGetAccountById_Success()" classname="com.mohit.banking.account.controller.AccountControllerTest" time="0.016"/>
  <system-out><![CDATA[17:35:46.370 [Test worker] INFO org.springframework.test.context.support.AnnotationConfigContextLoaderUtils -- Could not detect default configuration classes for test class [com.mohit.banking.account.controller.AccountControllerTest]: AccountControllerTest does not declare any static, non-private, non-final, nested classes annotated with @Configuration.
17:35:46.652 [Test worker] INFO org.springframework.boot.test.context.SpringBootTestContextBootstrapper -- Found @SpringBootConfiguration com.mohit.banking.account.Application for test class com.mohit.banking.account.controller.AccountControllerTest

  .   ____          _            __ _ _
 /\\ / ___'_ __ _ _(_)_ __  __ _ \ \ \ \
( ( )\___ | '_ | '_| | '_ \/ _` | \ \ \ \
 \\/  ___)| |_)| | | | | || (_| |  ) ) ) )
  '  |____| .__|_| |_|_| |_\__, | / / / /
 =========|_|==============|___/=/_/_/_/
 :: Spring Boot ::                (v3.2.5)

2026-05-01T17:35:47.268+05:30  INFO 25688 --- [    Test worker] c.m.b.a.c.AccountControllerTest          : Starting AccountControllerTest using Java 21.0.3 with PID 25688 (started by mohit.shakya in D:\projects\banking-account-service-v2)
2026-05-01T17:35:47.271+05:30  INFO 25688 --- [    Test worker] c.m.b.a.c.AccountControllerTest          : No active profile set, falling back to 1 default profile: "default"
2026-05-01T17:35:50.753+05:30  INFO 25688 --- [    Test worker] o.s.b.t.m.w.SpringBootMockServletContext : Initializing Spring TestDispatcherServlet ''
2026-05-01T17:35:50.753+05:30  INFO 25688 --- [    Test worker] o.s.t.web.servlet.TestDispatcherServlet  : Initializing Servlet ''
2026-05-01T17:35:50.756+05:30  INFO 25688 --- [    Test worker] o.s.t.web.servlet.TestDispatcherServlet  : Completed initialization in 2 ms
2026-05-01T17:35:50.813+05:30  INFO 25688 --- [    Test worker] c.m.b.a.c.AccountControllerTest          : Started AccountControllerTest in 4.044 seconds (process running for 6.382)
2026-05-01T17:35:51.255+05:30  INFO 25688 --- [    Test worker] c.m.b.a.controller.AccountController     : AccountController:: createAccount method started
2026-05-01T17:35:51.366+05:30  INFO 25688 --- [    Test worker] c.m.b.a.controller.AccountController     : AccountController:: getAccountById method started
]]></system-out>
  <system-err><![CDATA[WARNING: A Java agent has been loaded dynamically (C:\Users\mohit.shakya\.gradle\caches\modules-2\files-2.1\net.bytebuddy\byte-buddy-agent\1.14.13\979ce25f7d3096a2e82214ba7dc972a05ce7a171\byte-buddy-agent-1.14.13.jar)
WARNING: If a serviceability tool is in use, please run with -XX:+EnableDynamicAgentLoading to hide this warning
WARNING: If a serviceability tool is not in use, please run with -Djdk.instrument.traceUsage for more information
WARNING: Dynamic loading of agents will be disallowed by default in a future release
]]></system-err>
</testsuite>
