<?xml version="1.0" encoding="UTF-8"?>
<testsuite name="com.mohit.banking.account.service.AccountServiceTest" tests="5" skipped="0" failures="0" errors="0" timestamp="2026-05-01T12:05:51" hostname="COMV-9180" time="0.307">
  <properties/>
  <testcase name="testDeposit_Success()" classname="com.mohit.banking.account.service.AccountServiceTest" time="0.275"/>
  <testcase name="testCreateAccount_Success()" classname="com.mohit.banking.account.service.AccountServiceTest" time="0.012"/>
  <testcase name="testWithdraw_InsufficientBalance()" classname="com.mohit.banking.account.service.AccountServiceTest" time="0.006"/>
  <testcase name="testGetAccountById_Found()" classname="com.mohit.banking.account.service.AccountServiceTest" time="0.005"/>
  <testcase name="testGetAccountById_NotFound()" classname="com.mohit.banking.account.service.AccountServiceTest" time="0.004"/>
  <system-out><![CDATA[2026-05-01T17:35:51.927+05:30  INFO 25688 --- [    Test worker] c.m.b.account.service.AccountService     : AccountService:: deposit method started
2026-05-01T17:35:51.933+05:30  INFO 25688 --- [    Test worker] c.m.b.account.service.AccountService     : AccountService:: mapToResponse method started
2026-05-01T17:35:51.946+05:30  INFO 25688 --- [    Test worker] c.m.b.account.service.AccountService     : AccountService:: createAccount method started
2026-05-01T17:35:51.947+05:30  INFO 25688 --- [    Test worker] c.m.b.account.service.AccountService     : AccountService:: generateAccountNumber method started
2026-05-01T17:35:51.952+05:30  INFO 25688 --- [    Test worker] c.m.b.account.service.AccountService     : AccountService:: mapToResponse method started
2026-05-01T17:35:51.960+05:30  INFO 25688 --- [    Test worker] c.m.b.account.service.AccountService     : AccountService:: withdraw method started
2026-05-01T17:35:51.966+05:30  INFO 25688 --- [    Test worker] c.m.b.account.service.AccountService     : AccountService:: getAccountById method started
2026-05-01T17:35:51.967+05:30  INFO 25688 --- [    Test worker] c.m.b.account.service.AccountService     : AccountService:: mapToResponse method started
2026-05-01T17:35:51.972+05:30  INFO 25688 --- [    Test worker] c.m.b.account.service.AccountService     : AccountService:: getAccountById method started
]]></system-out>
  <system-err><![CDATA[]]></system-err>
</testsuite>
